<?xml version="1.0" encoding="UTF-8"?>
<testsuite name="com.example.project.TestTriangle" tests="3" skipped="0" failures="0" errors="0" timestamp="2025-01-08T14:23:45" hostname="codespaces-ba541f" time="0.062">
  <properties/>
  <testcase name="testConstructorAndGetVertices()" classname="com.example.project.TestTriangle" time="0.001"/>
  <testcase name="testTriangleInfo()" classname="com.example.project.TestTriangle" time="0.058"/>
  <testcase name="testPerimeter()" classname="com.example.project.TestTriangle" time="0.0"/>
  <system-out><![CDATA[]]></system-out>
  <system-err><![CDATA[]]></system-err>
</testsuite>
